<?xml version="1.0" encoding="utf-8" standalone="no"?>
<!--This file represents the results of running a test suite-->
<test-results name="C:\Users\DavidO\Documents\General\TestFramework V2\TestFramework\bin\Test\TestFramework.dll" total="1" errors="1" failures="0" not-run="0" inconclusive="0" ignored="0" skipped="0" invalid="0" date="2015-11-09" time="13:53:40">
  <environment nunit-version="2.6.4.14350" clr-version="2.0.50727.5485" os-version="Microsoft Windows NT 6.1.7601 Service Pack 1" platform="Win32NT" cwd="C:\Program Files (x86)\NUnit 2.6.4\bin" machine-name="CUBIC-1103" user="DavidO" user-domain="CUBICTELECOM" />
  <culture-info current-culture="en-IE" current-uiculture="en-US" />
  <test-suite type="Assembly" name="C:\Users\DavidO\Documents\General\TestFramework V2\TestFramework\bin\Test\TestFramework.dll" executed="False" result="Cancelled">
    <results>
      <test-suite type="Namespace" name="TestFramework" executed="False" result="Cancelled">
        <results>
          <test-suite type="TestFixture" name="Login" executed="False" result="Cancelled">
            <results>
              <test-case name="TestFramework.Login.TheLoginTest" executed="False" result="Cancelled">
                <failure>
                  <message><![CDATA[Test cancelled by user]]></message>
                  <stack-trace><![CDATA[at TestFramework.Login.TeardownTest()
]]></stack-trace>
                </failure>
              </test-case>
            </results>
          </test-suite>
        </results>
      </test-suite>
    </results>
  </test-suite>
</test-results>