<?xml version="1.0" encoding="utf-8" standalone="no"?>
<!--This file represents the results of running a test suite-->
<test-results name="C:\Users\DavidO\Documents\General\TestFramework V2\TestFramework\bin\Release\TestFramework.dll" total="2" errors="0" failures="0" not-run="0" inconclusive="0" ignored="0" skipped="0" invalid="0" date="2015-11-10" time="12:00:44">
  <environment nunit-version="2.6.4.14350" clr-version="2.0.50727.5485" os-version="Microsoft Windows NT 6.1.7601 Service Pack 1" platform="Win32NT" cwd="C:\Program Files (x86)\NUnit 2.6.4\bin" machine-name="CUBIC-1103" user="DavidO" user-domain="CUBICTELECOM" />
  <culture-info current-culture="en-IE" current-uiculture="en-US" />
  <test-suite type="Assembly" name="C:\Users\DavidO\Documents\General\TestFramework V2\TestFramework\bin\Release\TestFramework.dll" executed="True" result="Success" success="True" time="22.942" asserts="0">
    <results>
      <test-suite type="Namespace" name="TestFramework" executed="True" result="Success" success="True" time="22.933" asserts="0">
        <results>
          <test-suite type="TestFixture" name="ForgotPassword" executed="True" result="Success" success="True" time="22.932" asserts="0">
            <results>
              <test-case name="TestFramework.ForgotPassword.A_TheForgotPasswordTest" executed="True" result="Success" success="True" time="12.703" asserts="1" />
              <test-case name="TestFramework.ForgotPassword.B_TheResetPasswordTest" executed="True" result="Success" success="True" time="10.037" asserts="1" />
            </results>
          </test-suite>
        </results>
      </test-suite>
    </results>
  </test-suite>
</test-results>